<?xml version="1.0" encoding="UTF-8"?>
<testng-results ignored="0" total="2" passed="2" failed="0" skipped="0">
  <reporter-output>
  </reporter-output>
  <suite started-at="2023-05-03T10:21:37 IST" name="Default suite" finished-at="2023-05-03T10:22:02 IST" duration-ms="24809">
    <groups>
    </groups>
    <test started-at="2023-05-03T10:21:37 IST" name="Default test" finished-at="2023-05-03T10:22:02 IST" duration-ms="24809">
      <class name="testPackage.TestClass">
        <test-method signature="excel()[pri:0, instance:testPackage.TestClass@5d0a1059]" started-at="2023-05-03T10:21:37 IST" name="excel" finished-at="2023-05-03T10:21:50 IST" duration-ms="12336" status="PASS">
          <reporter-output>
          </reporter-output>
        </test-method> <!-- excel -->
        <test-method signature="simple()[pri:0, instance:testPackage.TestClass@5d0a1059]" started-at="2023-05-03T10:21:50 IST" name="simple" finished-at="2023-05-03T10:22:02 IST" duration-ms="12421" status="PASS">
          <reporter-output>
          </reporter-output>
        </test-method> <!-- simple -->
      </class> <!-- testPackage.TestClass -->
    </test> <!-- Default test -->
  </suite> <!-- Default suite -->
</testng-results>
